2023-03-17 10:49:32,491 +0530 [main] INFO  (TC_LoginTest_001.java:23) - UserName is entered
2023-03-17 10:49:32,584 +0530 [main] INFO  (TC_LoginTest_001.java:25) - UserName is entered
2023-03-17 10:49:33,770 +0530 [main] INFO  (TC_LoginTest_001.java:35) - Test is passed
2023-03-17 10:49:42,117 +0530 [main] INFO  (TC_AddCustomerTest_003.java:30) - Customer name is entered
2023-03-17 10:49:45,174 +0530 [main] INFO  (TC_AddCustomerTest_003.java:33) - Customer gender is entered
2023-03-17 10:49:48,310 +0530 [main] INFO  (TC_AddCustomerTest_003.java:36) - Customer date of birth is entered
2023-03-17 10:49:51,386 +0530 [main] INFO  (TC_AddCustomerTest_003.java:39) - customer address is entered
2023-03-17 10:49:57,465 +0530 [main] INFO  (TC_AddCustomerTest_003.java:43) - Customer city is entered
2023-03-17 10:50:00,538 +0530 [main] INFO  (TC_AddCustomerTest_003.java:46) - customer stste is entered
2023-03-17 10:50:03,651 +0530 [main] INFO  (TC_AddCustomerTest_003.java:49) - customer pincode is entered
2023-03-17 10:50:06,735 +0530 [main] INFO  (TC_AddCustomerTest_003.java:52) - customer phone number is entered
2023-03-17 10:50:09,855 +0530 [main] INFO  (TC_AddCustomerTest_003.java:56) - UserName is entered
2023-03-17 10:50:10,934 +0530 [main] INFO  (TC_AddCustomerTest_003.java:59) - Customer email is entered
2023-03-17 10:50:11,382 +0530 [main] DEBUG (_Log4jLoggerFactory.java:45) - Couldn't find template in cache for "spark/spark.spa.ftl"("en_IN", UTF-8, parsed); will try to load it.
2023-03-17 10:50:11,391 +0530 [main] DEBUG (_Log4jLoggerFactory.java:45) - TemplateLoader.findTemplateSource("spark/spark.spa_en_IN.ftl"): Not found
2023-03-17 10:50:11,391 +0530 [main] DEBUG (_Log4jLoggerFactory.java:45) - TemplateLoader.findTemplateSource("spark/spark.spa_en.ftl"): Not found
2023-03-17 10:50:11,398 +0530 [main] DEBUG (_Log4jLoggerFactory.java:45) - TemplateLoader.findTemplateSource("spark/spark.spa.ftl"): Found
2023-03-17 10:50:11,400 +0530 [main] DEBUG (_Log4jLoggerFactory.java:45) - Loading template for "spark/spark.spa.ftl"("en_IN", UTF-8, parsed) from "jar:file:/C:/Users/sai/.m2/repository/com/aventstack/extentreports/5.0.6/extentreports-5.0.6.jar!/com/aventstack/extentreports/templates/spark/spark.spa.ftl"
2023-03-17 10:50:11,506 +0530 [main] DEBUG (_Log4jLoggerFactory.java:45) - Couldn't find template in cache for "commons/commons-variables.ftl"("en_IN", UTF-8, parsed); will try to load it.
2023-03-17 10:50:11,510 +0530 [main] DEBUG (_Log4jLoggerFactory.java:45) - TemplateLoader.findTemplateSource("commons/commons-variables_en_IN.ftl"): Not found
2023-03-17 10:50:11,511 +0530 [main] DEBUG (_Log4jLoggerFactory.java:45) - TemplateLoader.findTemplateSource("commons/commons-variables_en.ftl"): Not found
2023-03-17 10:50:11,511 +0530 [main] DEBUG (_Log4jLoggerFactory.java:45) - TemplateLoader.findTemplateSource("commons/commons-variables.ftl"): Found
2023-03-17 10:50:11,511 +0530 [main] DEBUG (_Log4jLoggerFactory.java:45) - Loading template for "commons/commons-variables.ftl"("en_IN", UTF-8, parsed) from "jar:file:/C:/Users/sai/.m2/repository/com/aventstack/extentreports/5.0.6/extentreports-5.0.6.jar!/com/aventstack/extentreports/templates/commons/commons-variables.ftl"
2023-03-17 10:50:11,667 +0530 [main] DEBUG (_Log4jLoggerFactory.java:45) - Couldn't find template in cache for "commons/commons-macros.ftl"("en_IN", UTF-8, parsed); will try to load it.
2023-03-17 10:50:11,667 +0530 [main] DEBUG (_Log4jLoggerFactory.java:45) - TemplateLoader.findTemplateSource("commons/commons-macros_en_IN.ftl"): Not found
2023-03-17 10:50:11,667 +0530 [main] DEBUG (_Log4jLoggerFactory.java:45) - TemplateLoader.findTemplateSource("commons/commons-macros_en.ftl"): Not found
2023-03-17 10:50:11,672 +0530 [main] DEBUG (_Log4jLoggerFactory.java:45) - TemplateLoader.findTemplateSource("commons/commons-macros.ftl"): Found
2023-03-17 10:50:11,672 +0530 [main] DEBUG (_Log4jLoggerFactory.java:45) - Loading template for "commons/commons-macros.ftl"("en_IN", UTF-8, parsed) from "jar:file:/C:/Users/sai/.m2/repository/com/aventstack/extentreports/5.0.6/extentreports-5.0.6.jar!/com/aventstack/extentreports/templates/commons/commons-macros.ftl"
2023-03-17 10:50:11,685 +0530 [main] DEBUG (_Log4jLoggerFactory.java:45) - Couldn't find template in cache for "spark/macros/attributes.ftl"("en_IN", UTF-8, parsed); will try to load it.
2023-03-17 10:50:11,686 +0530 [main] DEBUG (_Log4jLoggerFactory.java:45) - TemplateLoader.findTemplateSource("spark/macros/attributes_en_IN.ftl"): Not found
2023-03-17 10:50:11,686 +0530 [main] DEBUG (_Log4jLoggerFactory.java:45) - TemplateLoader.findTemplateSource("spark/macros/attributes_en.ftl"): Not found
2023-03-17 10:50:11,686 +0530 [main] DEBUG (_Log4jLoggerFactory.java:45) - TemplateLoader.findTemplateSource("spark/macros/attributes.ftl"): Found
2023-03-17 10:50:11,686 +0530 [main] DEBUG (_Log4jLoggerFactory.java:45) - Loading template for "spark/macros/attributes.ftl"("en_IN", UTF-8, parsed) from "jar:file:/C:/Users/sai/.m2/repository/com/aventstack/extentreports/5.0.6/extentreports-5.0.6.jar!/com/aventstack/extentreports/templates/spark/macros/attributes.ftl"
2023-03-17 10:50:11,686 +0530 [main] DEBUG (_Log4jLoggerFactory.java:45) - Couldn't find template in cache for "spark/macros/log.ftl"("en_IN", UTF-8, parsed); will try to load it.
2023-03-17 10:50:11,686 +0530 [main] DEBUG (_Log4jLoggerFactory.java:45) - TemplateLoader.findTemplateSource("spark/macros/log_en_IN.ftl"): Not found
2023-03-17 10:50:11,686 +0530 [main] DEBUG (_Log4jLoggerFactory.java:45) - TemplateLoader.findTemplateSource("spark/macros/log_en.ftl"): Not found
2023-03-17 10:50:11,695 +0530 [main] DEBUG (_Log4jLoggerFactory.java:45) - TemplateLoader.findTemplateSource("spark/macros/log.ftl"): Found
2023-03-17 10:50:11,695 +0530 [main] DEBUG (_Log4jLoggerFactory.java:45) - Loading template for "spark/macros/log.ftl"("en_IN", UTF-8, parsed) from "jar:file:/C:/Users/sai/.m2/repository/com/aventstack/extentreports/5.0.6/extentreports-5.0.6.jar!/com/aventstack/extentreports/templates/spark/macros/log.ftl"
2023-03-17 10:50:11,699 +0530 [main] DEBUG (_Log4jLoggerFactory.java:45) - Couldn't find template in cache for "spark/macros/recurse_nodes.ftl"("en_IN", UTF-8, parsed); will try to load it.
2023-03-17 10:50:11,700 +0530 [main] DEBUG (_Log4jLoggerFactory.java:45) - TemplateLoader.findTemplateSource("spark/macros/recurse_nodes_en_IN.ftl"): Not found
2023-03-17 10:50:11,700 +0530 [main] DEBUG (_Log4jLoggerFactory.java:45) - TemplateLoader.findTemplateSource("spark/macros/recurse_nodes_en.ftl"): Not found
2023-03-17 10:50:11,700 +0530 [main] DEBUG (_Log4jLoggerFactory.java:45) - TemplateLoader.findTemplateSource("spark/macros/recurse_nodes.ftl"): Found
2023-03-17 10:50:11,700 +0530 [main] DEBUG (_Log4jLoggerFactory.java:45) - Loading template for "spark/macros/recurse_nodes.ftl"("en_IN", UTF-8, parsed) from "jar:file:/C:/Users/sai/.m2/repository/com/aventstack/extentreports/5.0.6/extentreports-5.0.6.jar!/com/aventstack/extentreports/templates/spark/macros/recurse_nodes.ftl"
2023-03-17 10:50:11,707 +0530 [main] DEBUG (_Log4jLoggerFactory.java:45) - "spark/macros/log.ftl"("en_IN", UTF-8, parsed) cached copy not yet stale; using cached.
2023-03-17 10:50:11,708 +0530 [main] DEBUG (_Log4jLoggerFactory.java:45) - Couldn't find template in cache for "spark/macros/attr-common.ftl"("en_IN", UTF-8, parsed); will try to load it.
2023-03-17 10:50:11,708 +0530 [main] DEBUG (_Log4jLoggerFactory.java:45) - TemplateLoader.findTemplateSource("spark/macros/attr-common_en_IN.ftl"): Not found
2023-03-17 10:50:11,708 +0530 [main] DEBUG (_Log4jLoggerFactory.java:45) - TemplateLoader.findTemplateSource("spark/macros/attr-common_en.ftl"): Not found
2023-03-17 10:50:11,708 +0530 [main] DEBUG (_Log4jLoggerFactory.java:45) - TemplateLoader.findTemplateSource("spark/macros/attr-common.ftl"): Found
2023-03-17 10:50:11,708 +0530 [main] DEBUG (_Log4jLoggerFactory.java:45) - Loading template for "spark/macros/attr-common.ftl"("en_IN", UTF-8, parsed) from "jar:file:/C:/Users/sai/.m2/repository/com/aventstack/extentreports/5.0.6/extentreports-5.0.6.jar!/com/aventstack/extentreports/templates/spark/macros/attr-common.ftl"
2023-03-17 10:50:11,721 +0530 [main] DEBUG (_Log4jLoggerFactory.java:45) - Couldn't find template in cache for "spark/partials/head.ftl"("en_IN", UTF-8, parsed); will try to load it.
2023-03-17 10:50:11,723 +0530 [main] DEBUG (_Log4jLoggerFactory.java:45) - TemplateLoader.findTemplateSource("spark/partials/head_en_IN.ftl"): Not found
2023-03-17 10:50:11,723 +0530 [main] DEBUG (_Log4jLoggerFactory.java:45) - TemplateLoader.findTemplateSource("spark/partials/head_en.ftl"): Not found
2023-03-17 10:50:11,726 +0530 [main] DEBUG (_Log4jLoggerFactory.java:45) - TemplateLoader.findTemplateSource("spark/partials/head.ftl"): Found
2023-03-17 10:50:11,726 +0530 [main] DEBUG (_Log4jLoggerFactory.java:45) - Loading template for "spark/partials/head.ftl"("en_IN", UTF-8, parsed) from "jar:file:/C:/Users/sai/.m2/repository/com/aventstack/extentreports/5.0.6/extentreports-5.0.6.jar!/com/aventstack/extentreports/templates/spark/partials/head.ftl"
2023-03-17 10:50:11,730 +0530 [main] DEBUG (_Log4jLoggerFactory.java:45) - Couldn't find template in cache for "commons/commons-inject-css.ftl"("en_IN", UTF-8, parsed); will try to load it.
2023-03-17 10:50:11,730 +0530 [main] DEBUG (_Log4jLoggerFactory.java:45) - TemplateLoader.findTemplateSource("commons/commons-inject-css_en_IN.ftl"): Not found
2023-03-17 10:50:11,730 +0530 [main] DEBUG (_Log4jLoggerFactory.java:45) - TemplateLoader.findTemplateSource("commons/commons-inject-css_en.ftl"): Not found
2023-03-17 10:50:11,730 +0530 [main] DEBUG (_Log4jLoggerFactory.java:45) - TemplateLoader.findTemplateSource("commons/commons-inject-css.ftl"): Found
2023-03-17 10:50:11,730 +0530 [main] DEBUG (_Log4jLoggerFactory.java:45) - Loading template for "commons/commons-inject-css.ftl"("en_IN", UTF-8, parsed) from "jar:file:/C:/Users/sai/.m2/repository/com/aventstack/extentreports/5.0.6/extentreports-5.0.6.jar!/com/aventstack/extentreports/templates/commons/commons-inject-css.ftl"
2023-03-17 10:50:11,730 +0530 [main] DEBUG (_Log4jLoggerFactory.java:45) - Couldn't find template in cache for "spark/partials/navbar.ftl"("en_IN", UTF-8, parsed); will try to load it.
2023-03-17 10:50:11,741 +0530 [main] DEBUG (_Log4jLoggerFactory.java:45) - TemplateLoader.findTemplateSource("spark/partials/navbar_en_IN.ftl"): Not found
2023-03-17 10:50:11,742 +0530 [main] DEBUG (_Log4jLoggerFactory.java:45) - TemplateLoader.findTemplateSource("spark/partials/navbar_en.ftl"): Not found
2023-03-17 10:50:11,744 +0530 [main] DEBUG (_Log4jLoggerFactory.java:45) - TemplateLoader.findTemplateSource("spark/partials/navbar.ftl"): Found
2023-03-17 10:50:11,744 +0530 [main] DEBUG (_Log4jLoggerFactory.java:45) - Loading template for "spark/partials/navbar.ftl"("en_IN", UTF-8, parsed) from "jar:file:/C:/Users/sai/.m2/repository/com/aventstack/extentreports/5.0.6/extentreports-5.0.6.jar!/com/aventstack/extentreports/templates/spark/partials/navbar.ftl"
2023-03-17 10:50:11,753 +0530 [main] DEBUG (_Log4jLoggerFactory.java:45) - Couldn't find template in cache for "spark/partials/sidenav.ftl"("en_IN", UTF-8, parsed); will try to load it.
2023-03-17 10:50:11,753 +0530 [main] DEBUG (_Log4jLoggerFactory.java:45) - TemplateLoader.findTemplateSource("spark/partials/sidenav_en_IN.ftl"): Not found
2023-03-17 10:50:11,757 +0530 [main] DEBUG (_Log4jLoggerFactory.java:45) - TemplateLoader.findTemplateSource("spark/partials/sidenav_en.ftl"): Not found
2023-03-17 10:50:11,757 +0530 [main] DEBUG (_Log4jLoggerFactory.java:45) - TemplateLoader.findTemplateSource("spark/partials/sidenav.ftl"): Found
2023-03-17 10:50:11,757 +0530 [main] DEBUG (_Log4jLoggerFactory.java:45) - Loading template for "spark/partials/sidenav.ftl"("en_IN", UTF-8, parsed) from "jar:file:/C:/Users/sai/.m2/repository/com/aventstack/extentreports/5.0.6/extentreports-5.0.6.jar!/com/aventstack/extentreports/templates/spark/partials/sidenav.ftl"
2023-03-17 10:50:11,763 +0530 [main] DEBUG (_Log4jLoggerFactory.java:45) - Couldn't find template in cache for "spark/partials/test.ftl"("en_IN", UTF-8, parsed); will try to load it.
2023-03-17 10:50:11,777 +0530 [main] DEBUG (_Log4jLoggerFactory.java:45) - TemplateLoader.findTemplateSource("spark/partials/test_en_IN.ftl"): Not found
2023-03-17 10:50:11,779 +0530 [main] DEBUG (_Log4jLoggerFactory.java:45) - TemplateLoader.findTemplateSource("spark/partials/test_en.ftl"): Not found
2023-03-17 10:50:11,780 +0530 [main] DEBUG (_Log4jLoggerFactory.java:45) - TemplateLoader.findTemplateSource("spark/partials/test.ftl"): Found
2023-03-17 10:50:11,780 +0530 [main] DEBUG (_Log4jLoggerFactory.java:45) - Loading template for "spark/partials/test.ftl"("en_IN", UTF-8, parsed) from "jar:file:/C:/Users/sai/.m2/repository/com/aventstack/extentreports/5.0.6/extentreports-5.0.6.jar!/com/aventstack/extentreports/templates/spark/partials/test.ftl"
2023-03-17 10:50:11,793 +0530 [main] DEBUG (_Log4jLoggerFactory.java:45) - Couldn't find template in cache for "spark/partials/standard-content.ftl"("en_IN", UTF-8, parsed); will try to load it.
2023-03-17 10:50:11,793 +0530 [main] DEBUG (_Log4jLoggerFactory.java:45) - TemplateLoader.findTemplateSource("spark/partials/standard-content_en_IN.ftl"): Not found
2023-03-17 10:50:11,793 +0530 [main] DEBUG (_Log4jLoggerFactory.java:45) - TemplateLoader.findTemplateSource("spark/partials/standard-content_en.ftl"): Not found
2023-03-17 10:50:11,799 +0530 [main] DEBUG (_Log4jLoggerFactory.java:45) - TemplateLoader.findTemplateSource("spark/partials/standard-content.ftl"): Found
2023-03-17 10:50:11,799 +0530 [main] DEBUG (_Log4jLoggerFactory.java:45) - Loading template for "spark/partials/standard-content.ftl"("en_IN", UTF-8, parsed) from "jar:file:/C:/Users/sai/.m2/repository/com/aventstack/extentreports/5.0.6/extentreports-5.0.6.jar!/com/aventstack/extentreports/templates/spark/partials/standard-content.ftl"
2023-03-17 10:50:11,802 +0530 [main] DEBUG (_Log4jLoggerFactory.java:45) - "spark/partials/standard-content.ftl"("en_IN", UTF-8, parsed) cached copy not yet stale; using cached.
2023-03-17 10:50:11,802 +0530 [main] DEBUG (_Log4jLoggerFactory.java:45) - Couldn't find template in cache for "spark/partials/exception.ftl"("en_IN", UTF-8, parsed); will try to load it.
2023-03-17 10:50:11,809 +0530 [main] DEBUG (_Log4jLoggerFactory.java:45) - TemplateLoader.findTemplateSource("spark/partials/exception_en_IN.ftl"): Not found
2023-03-17 10:50:11,809 +0530 [main] DEBUG (_Log4jLoggerFactory.java:45) - TemplateLoader.findTemplateSource("spark/partials/exception_en.ftl"): Not found
2023-03-17 10:50:11,809 +0530 [main] DEBUG (_Log4jLoggerFactory.java:45) - TemplateLoader.findTemplateSource("spark/partials/exception.ftl"): Found
2023-03-17 10:50:11,809 +0530 [main] DEBUG (_Log4jLoggerFactory.java:45) - Loading template for "spark/partials/exception.ftl"("en_IN", UTF-8, parsed) from "jar:file:/C:/Users/sai/.m2/repository/com/aventstack/extentreports/5.0.6/extentreports-5.0.6.jar!/com/aventstack/extentreports/templates/spark/partials/exception.ftl"
2023-03-17 10:50:11,809 +0530 [main] DEBUG (_Log4jLoggerFactory.java:45) - Couldn't find template in cache for "spark/partials/category.ftl"("en_IN", UTF-8, parsed); will try to load it.
2023-03-17 10:50:11,809 +0530 [main] DEBUG (_Log4jLoggerFactory.java:45) - TemplateLoader.findTemplateSource("spark/partials/category_en_IN.ftl"): Not found
2023-03-17 10:50:11,809 +0530 [main] DEBUG (_Log4jLoggerFactory.java:45) - TemplateLoader.findTemplateSource("spark/partials/category_en.ftl"): Not found
2023-03-17 10:50:11,809 +0530 [main] DEBUG (_Log4jLoggerFactory.java:45) - TemplateLoader.findTemplateSource("spark/partials/category.ftl"): Found
2023-03-17 10:50:11,809 +0530 [main] DEBUG (_Log4jLoggerFactory.java:45) - Loading template for "spark/partials/category.ftl"("en_IN", UTF-8, parsed) from "jar:file:/C:/Users/sai/.m2/repository/com/aventstack/extentreports/5.0.6/extentreports-5.0.6.jar!/com/aventstack/extentreports/templates/spark/partials/category.ftl"
2023-03-17 10:50:11,817 +0530 [main] DEBUG (_Log4jLoggerFactory.java:45) - Couldn't find template in cache for "spark/partials/device.ftl"("en_IN", UTF-8, parsed); will try to load it.
2023-03-17 10:50:11,817 +0530 [main] DEBUG (_Log4jLoggerFactory.java:45) - TemplateLoader.findTemplateSource("spark/partials/device_en_IN.ftl"): Not found
2023-03-17 10:50:11,818 +0530 [main] DEBUG (_Log4jLoggerFactory.java:45) - TemplateLoader.findTemplateSource("spark/partials/device_en.ftl"): Not found
2023-03-17 10:50:11,819 +0530 [main] DEBUG (_Log4jLoggerFactory.java:45) - TemplateLoader.findTemplateSource("spark/partials/device.ftl"): Found
2023-03-17 10:50:11,819 +0530 [main] DEBUG (_Log4jLoggerFactory.java:45) - Loading template for "spark/partials/device.ftl"("en_IN", UTF-8, parsed) from "jar:file:/C:/Users/sai/.m2/repository/com/aventstack/extentreports/5.0.6/extentreports-5.0.6.jar!/com/aventstack/extentreports/templates/spark/partials/device.ftl"
2023-03-17 10:50:11,819 +0530 [main] DEBUG (_Log4jLoggerFactory.java:45) - Couldn't find template in cache for "spark/partials/author.ftl"("en_IN", UTF-8, parsed); will try to load it.
2023-03-17 10:50:11,819 +0530 [main] DEBUG (_Log4jLoggerFactory.java:45) - TemplateLoader.findTemplateSource("spark/partials/author_en_IN.ftl"): Not found
2023-03-17 10:50:11,819 +0530 [main] DEBUG (_Log4jLoggerFactory.java:45) - TemplateLoader.findTemplateSource("spark/partials/author_en.ftl"): Not found
2023-03-17 10:50:11,819 +0530 [main] DEBUG (_Log4jLoggerFactory.java:45) - TemplateLoader.findTemplateSource("spark/partials/author.ftl"): Found
2023-03-17 10:50:11,819 +0530 [main] DEBUG (_Log4jLoggerFactory.java:45) - Loading template for "spark/partials/author.ftl"("en_IN", UTF-8, parsed) from "jar:file:/C:/Users/sai/.m2/repository/com/aventstack/extentreports/5.0.6/extentreports-5.0.6.jar!/com/aventstack/extentreports/templates/spark/partials/author.ftl"
2023-03-17 10:50:11,825 +0530 [main] DEBUG (_Log4jLoggerFactory.java:45) - Couldn't find template in cache for "spark/partials/log.ftl"("en_IN", UTF-8, parsed); will try to load it.
2023-03-17 10:50:11,825 +0530 [main] DEBUG (_Log4jLoggerFactory.java:45) - TemplateLoader.findTemplateSource("spark/partials/log_en_IN.ftl"): Not found
2023-03-17 10:50:11,825 +0530 [main] DEBUG (_Log4jLoggerFactory.java:45) - TemplateLoader.findTemplateSource("spark/partials/log_en.ftl"): Not found
2023-03-17 10:50:11,825 +0530 [main] DEBUG (_Log4jLoggerFactory.java:45) - TemplateLoader.findTemplateSource("spark/partials/log.ftl"): Found
2023-03-17 10:50:11,825 +0530 [main] DEBUG (_Log4jLoggerFactory.java:45) - Loading template for "spark/partials/log.ftl"("en_IN", UTF-8, parsed) from "jar:file:/C:/Users/sai/.m2/repository/com/aventstack/extentreports/5.0.6/extentreports-5.0.6.jar!/com/aventstack/extentreports/templates/spark/partials/log.ftl"
2023-03-17 10:50:11,825 +0530 [main] DEBUG (_Log4jLoggerFactory.java:45) - Couldn't find template in cache for "spark/partials/dashboard.ftl"("en_IN", UTF-8, parsed); will try to load it.
2023-03-17 10:50:11,825 +0530 [main] DEBUG (_Log4jLoggerFactory.java:45) - TemplateLoader.findTemplateSource("spark/partials/dashboard_en_IN.ftl"): Not found
2023-03-17 10:50:11,831 +0530 [main] DEBUG (_Log4jLoggerFactory.java:45) - TemplateLoader.findTemplateSource("spark/partials/dashboard_en.ftl"): Not found
2023-03-17 10:50:11,831 +0530 [main] DEBUG (_Log4jLoggerFactory.java:45) - TemplateLoader.findTemplateSource("spark/partials/dashboard.ftl"): Found
2023-03-17 10:50:11,831 +0530 [main] DEBUG (_Log4jLoggerFactory.java:45) - Loading template for "spark/partials/dashboard.ftl"("en_IN", UTF-8, parsed) from "jar:file:/C:/Users/sai/.m2/repository/com/aventstack/extentreports/5.0.6/extentreports-5.0.6.jar!/com/aventstack/extentreports/templates/spark/partials/dashboard.ftl"
2023-03-17 10:50:11,872 +0530 [main] DEBUG (_Log4jLoggerFactory.java:45) - Couldn't find template in cache for "spark/partials/scripts.ftl"("en_IN", UTF-8, parsed); will try to load it.
2023-03-17 10:50:11,872 +0530 [main] DEBUG (_Log4jLoggerFactory.java:45) - TemplateLoader.findTemplateSource("spark/partials/scripts_en_IN.ftl"): Not found
2023-03-17 10:50:11,872 +0530 [main] DEBUG (_Log4jLoggerFactory.java:45) - TemplateLoader.findTemplateSource("spark/partials/scripts_en.ftl"): Not found
2023-03-17 10:50:11,880 +0530 [main] DEBUG (_Log4jLoggerFactory.java:45) - TemplateLoader.findTemplateSource("spark/partials/scripts.ftl"): Found
2023-03-17 10:50:11,880 +0530 [main] DEBUG (_Log4jLoggerFactory.java:45) - Loading template for "spark/partials/scripts.ftl"("en_IN", UTF-8, parsed) from "jar:file:/C:/Users/sai/.m2/repository/com/aventstack/extentreports/5.0.6/extentreports-5.0.6.jar!/com/aventstack/extentreports/templates/spark/partials/scripts.ftl"
2023-03-17 10:50:11,880 +0530 [main] DEBUG (_Log4jLoggerFactory.java:45) - Couldn't find template in cache for "commons/commons-inject-js.ftl"("en_IN", UTF-8, parsed); will try to load it.
2023-03-17 10:50:11,880 +0530 [main] DEBUG (_Log4jLoggerFactory.java:45) - TemplateLoader.findTemplateSource("commons/commons-inject-js_en_IN.ftl"): Not found
2023-03-17 10:50:11,880 +0530 [main] DEBUG (_Log4jLoggerFactory.java:45) - TemplateLoader.findTemplateSource("commons/commons-inject-js_en.ftl"): Not found
2023-03-17 10:50:11,880 +0530 [main] DEBUG (_Log4jLoggerFactory.java:45) - TemplateLoader.findTemplateSource("commons/commons-inject-js.ftl"): Found
2023-03-17 10:50:11,880 +0530 [main] DEBUG (_Log4jLoggerFactory.java:45) - Loading template for "commons/commons-inject-js.ftl"("en_IN", UTF-8, parsed) from "jar:file:/C:/Users/sai/.m2/repository/com/aventstack/extentreports/5.0.6/extentreports-5.0.6.jar!/com/aventstack/extentreports/templates/commons/commons-inject-js.ftl"
